<?xml version="1.0" encoding="UTF-8"?>
<!-- Generated by org.testng.reporters.JUnitXMLReporter -->
<testsuite ignored="0" hostname="LAPTOP-77DH91A2" failures="0" tests="3" name="Test" time="46.66" errors="0" timestamp="2021-04-30T10:00:01 BST">
  <testcase classname="lCCTesting.Bromford" name="launch_the_application_bramford" time="18.999"/>
  <testcase classname="lCCTesting.BramfordNews" name="launch_the_bramford_application_website" time="14.387"/>
  <testcase classname="lCCTesting.BramFordCustomerArea" name="launch_the_bramford_application" time="5.117"/>
</testsuite> <!-- Test -->
