<?xml version="1.0" encoding="UTF-8"?>
<!-- Generated by org.testng.reporters.JUnitXMLReporter -->
<testsuite ignored="0" hostname="LAPTOP-77DH91A2" failures="1" tests="4" name="Test" time="146.253" errors="0" timestamp="2021-04-30T10:56:37 BST">
  <testcase classname="lCCTesting.LCCNews" name="LCCNews" time="18.717"/>
  <testcase classname="lCCTesting.LCC" name="LCC" time="76.772">
    <failure type="java.lang.AssertionError" message="expected [Kent v Lancashire, County Championship | Lancashire Cricket Club] but found [Worcestershire v Lancashire Second XI | Lancashire Cricket Club]">
      <![CDATA[java.lang.AssertionError: expected [Kent v Lancashire, County Championship | Lancashire Cricket Club] but found [Worcestershire v Lancashire Second XI | Lancashire Cricket Club]
at lCCTesting.LCC.LCC(LCC.java:41)
at java.base/java.util.ArrayList.forEach(ArrayList.java:1511)
at java.base/java.util.concurrent.FutureTask.run(FutureTask.java:264)
at java.base/java.util.concurrent.ThreadPoolExecutor.runWorker(ThreadPoolExecutor.java:1130)
at java.base/java.util.concurrent.ThreadPoolExecutor$Worker.run(ThreadPoolExecutor.java:630)
at java.base/java.lang.Thread.run(Thread.java:832)
... Removed 23 stack frames]]>
    </failure>
  </testcase> <!-- LCC -->
  <testcase classname="lCCTesting.OldTafford" name="launch_the_lancashirecricket_applicatin" time="19.243"/>
  <testcase classname="lCCTesting.OldTraffordEnquire" name="launch_the_lancashirecc_applicatin" time="19.754"/>
</testsuite> <!-- Test -->
