<?xml version="1.0" encoding="UTF-8"?>
<!-- Generated by org.testng.reporters.JUnitXMLReporter -->
<testsuite ignored="0" hostname="LAPTOP-77DH91A2" failures="0" tests="3" name="Test1" time="58.908" errors="0" timestamp="2021-04-30T09:56:33 BST">
  <testcase classname="lCCTesting.Bromford" name="launch_the_application_bramford" time="19.567"/>
  <testcase classname="lCCTesting.BramfordNews" name="launch_the_bramford_application_website" time="18.633"/>
  <testcase classname="lCCTesting.BramFordCustomerArea" name="launch_the_bramford_application" time="13.195"/>
</testsuite> <!-- Test1 -->
